mode: set
github.com/stephenmontague/go-bnb/cmd/web/main.go:21.13,23.16 2 0
github.com/stephenmontague/go-bnb/cmd/web/main.go:27.2,35.16 4 0
github.com/stephenmontague/go-bnb/cmd/web/main.go:23.16,25.3 1 0
github.com/stephenmontague/go-bnb/cmd/web/main.go:38.18,55.16 10 1
github.com/stephenmontague/go-bnb/cmd/web/main.go:60.2,68.12 6 1
github.com/stephenmontague/go-bnb/cmd/web/main.go:55.16,58.3 2 0
github.com/stephenmontague/go-bnb/cmd/web/middleware.go:10.45,21.2 3 1
github.com/stephenmontague/go-bnb/cmd/web/middleware.go:24.50,26.2 1 1
github.com/stephenmontague/go-bnb/cmd/web/routes.go:12.49,38.2 18 1
