mode: set
github.com/stephenmontague/go-bnb/internal/forms/errors.go:6.44,8.2 1 1
github.com/stephenmontague/go-bnb/internal/forms/errors.go:11.42,13.18 2 1
github.com/stephenmontague/go-bnb/internal/forms/errors.go:16.2,16.14 1 1
github.com/stephenmontague/go-bnb/internal/forms/errors.go:13.18,15.3 1 1
github.com/stephenmontague/go-bnb/internal/forms/forms.go:18.33,23.2 1 1
github.com/stephenmontague/go-bnb/internal/forms/forms.go:26.39,28.13 2 1
github.com/stephenmontague/go-bnb/internal/forms/forms.go:31.2,31.13 1 1
github.com/stephenmontague/go-bnb/internal/forms/forms.go:28.13,30.3 1 1
github.com/stephenmontague/go-bnb/internal/forms/forms.go:35.43,36.31 1 1
github.com/stephenmontague/go-bnb/internal/forms/forms.go:36.31,38.37 2 1
github.com/stephenmontague/go-bnb/internal/forms/forms.go:38.37,40.4 1 1
github.com/stephenmontague/go-bnb/internal/forms/forms.go:45.29,47.2 1 1
github.com/stephenmontague/go-bnb/internal/forms/forms.go:50.57,52.21 2 1
github.com/stephenmontague/go-bnb/internal/forms/forms.go:56.2,56.13 1 1
github.com/stephenmontague/go-bnb/internal/forms/forms.go:52.21,55.3 2 1
github.com/stephenmontague/go-bnb/internal/forms/forms.go:60.38,61.40 1 1
github.com/stephenmontague/go-bnb/internal/forms/forms.go:61.40,63.3 1 1
